2023-09-14T18:26:01.007Z [info]: Successful GET with response: 
2023-09-14T18:28:03.286Z [info]: Successful GET with response: [object Object]
2023-09-14T18:36:32.822Z [info]: Successful POST:
2023-09-14T18:37:26.755Z [info]: Successful GET
2023-09-14T18:38:07.869Z [info]: Successful GET
2023-09-14T18:38:11.194Z [info]: Successful POST:
2023-09-14T18:38:17.159Z [info]: Successful GET
2023-09-14T18:38:55.317Z [info]: Successful GET
2023-09-14T18:38:57.216Z [info]: Successful POST:
2023-09-14T18:39:45.094Z [info]: Successful GET
2023-09-14T18:39:47.048Z [info]: Successful POST: + [{"item":"jello","quantity":23,"price":5,"bought":false},{"item":"Butter","quantity":43,"price":2,"bought":false}]
2023-09-14T18:40:24.561Z [info]: Successful GET
2023-09-14T18:40:27.161Z [info]: Successful POST:
[{"item":"jello","quantity":23,"price":5,"bought":false},{"item":"Butter","quantity":43,"price":2,"bought":false}]
2023-09-14T19:11:09.185Z [info]: Successful GET
2023-09-14T19:12:39.000Z [info]: Successful GET
2023-09-14T19:14:37.688Z [info]: Successful GET
2023-09-14T19:14:40.291Z [info]: Old groceryItem:
{"item":"jello","quantity":23,"price":5,"bought":false}
2023-09-14T19:14:40.291Z [info]: New groceryItem:
{"item":"jello","quantity":666,"price":666,"bought":true}
2023-09-14T19:14:40.292Z [info]: Successful PUT to change grocery item
2023-09-14T19:15:06.118Z [warn]: Unsuccessful change of grocery item because invalid name or no name
2023-09-14T19:15:17.273Z [info]: Old groceryItem:
{"item":"jello","quantity":666,"price":666,"bought":true}
2023-09-14T19:15:17.273Z [info]: New groceryItem:
{"item":"jello","quantity":666,"price":666,"bought":true}
2023-09-14T19:15:17.274Z [info]: Successful PUT to change grocery item
2023-09-14T19:15:43.651Z [info]: Old groceryItem:
{"item":"jello","quantity":666,"price":666,"bought":true}
2023-09-14T19:15:43.651Z [info]: New groceryItem:
{"item":"jello","quantity":666,"price":666,"bought":true}
2023-09-14T19:15:43.651Z [info]: Successful PUT to change grocery item
2023-09-14T19:17:52.408Z [info]: Successful GET
2023-09-14T19:17:57.867Z [info]: Old groceryItem:
{"item":"jello","quantity":23,"price":5,"bought":false}
2023-09-14T19:17:57.868Z [info]: New groceryItem:
{"item":"jello","quantity":666,"price":666,"bought":true}
2023-09-14T19:17:57.868Z [info]: Successful PUT to change grocery item
2023-09-14T19:18:23.360Z [info]: Old groceryItem:
{"item":"jello","quantity":666,"price":666,"bought":true}
2023-09-14T19:18:23.360Z [info]: New groceryItem:
{"item":"jello","quantity":666,"price":666,"bought":true}
2023-09-14T19:18:23.361Z [info]: Successful PUT to change grocery item
2023-09-14T19:19:17.338Z [info]: Successful GET
2023-09-14T19:19:21.855Z [info]: Old groceryItem:
{"item":"jello","quantity":23,"price":5,"bought":false}
2023-09-14T19:19:21.855Z [info]: New groceryItem:
{"item":"jello","quantity":666,"price":54,"bought":true}
2023-09-14T19:19:21.856Z [info]: Successful PUT to change grocery item
2023-09-14T19:19:37.304Z [info]: Old groceryItem:
{"item":"jello","quantity":666,"price":54,"bought":true}
2023-09-14T19:19:37.305Z [info]: New groceryItem:
{"item":"jello","quantity":66,"price":54,"bought":true}
2023-09-14T19:19:37.305Z [info]: Successful PUT to change grocery item
2023-09-14T19:19:50.576Z [info]: Old groceryItem:
{"item":"jello","quantity":66,"price":54,"bought":true}
2023-09-14T19:19:50.577Z [info]: New groceryItem:
{"item":"jello","quantity":66,"price":54,"bought":false}
2023-09-14T19:19:50.577Z [info]: Successful PUT to change grocery item
2023-09-14T19:23:26.947Z [info]: Successful GET
2023-09-14T19:23:33.255Z [warn]: Unsuccessful change of grocery item because invalid name or no name
2023-09-14T19:24:32.803Z [info]: Successful GET
2023-09-14T19:24:36.629Z [warn]: Unsuccessful change of grocery item because invalid name or no name
2023-09-14T19:25:31.398Z [info]: Successful GET
2023-09-14T19:25:33.779Z [warn]: Unsuccessful change of grocery item because invalid name or no name
2023-09-14T19:27:58.134Z [info]: Successful GET
2023-09-14T19:28:00.816Z [warn]: Unsuccessful change of grocery item because invalid name or no name
2023-09-14T19:35:00.754Z [info]: Successful GET
2023-09-14T19:40:07.038Z [info]: Successful GET
2023-09-14T19:49:23.534Z [info]: Successful GET
2023-09-14T19:50:17.785Z [info]: Successful GET
2023-09-14T19:50:26.007Z [info]: Successful GET
2023-09-14T19:50:27.925Z [info]: Successful GET
2023-09-14T19:50:28.943Z [info]: Successful GET
2023-09-14T19:50:32.556Z [warn]: Wasn't able to delete because invalid item name
2023-09-14T19:52:22.342Z [info]: Successful GET
2023-09-14T19:52:29.396Z [info]: Successful DELETE: jello
2023-09-14T19:52:31.721Z [warn]: Wasn't able to delete because invalid item name
2023-09-14T19:52:34.286Z [warn]: Wasn't able to delete because invalid item name
2023-09-14T19:52:45.043Z [info]: Successful GET
2023-09-14T19:52:51.852Z [info]: Successful POST:
[{"item":"Butter","quantity":43,"price":2,"bought":false}]
2023-09-14T19:53:03.860Z [info]: Successful POST:
[{"item":"Butter","quantity":43,"price":2,"bought":false},{"item":"Grapes","quantity":43,"price":2,"bought":false}]
2023-09-14T19:53:09.058Z [info]: Successful POST:
[{"item":"Butter","quantity":43,"price":2,"bought":false},{"item":"Grapes","quantity":43,"price":2,"bought":false},{"item":"Cereal","quantity":43,"price":2,"bought":false}]
2023-09-14T19:53:11.383Z [info]: Successful GET
2023-09-14T19:57:58.687Z [info]: Successful GET
2023-09-14T19:58:06.351Z [info]: Successful POST:
[{"item":"jello","quantity":23,"price":5,"bought":false},{"item":"Cereal","quantity":43,"price":2,"bought":false}]
2023-09-14T19:58:21.142Z [info]: Successful POST:
[{"item":"jello","quantity":23,"price":5,"bought":false},{"item":"Cereal","quantity":43,"price":2,"bought":false},{"item":"water","quantity":43,"price":2,"bought":false}]
2023-09-14T19:58:27.184Z [warn]: Unsuccessful change of grocery item because invalid name or no name
2023-09-14T20:04:23.976Z [info]: Successful GET
2023-09-15T16:06:21.792Z [info]: Successful GET
2023-09-15T16:06:33.953Z [info]: Successful DELETE: jello
2023-09-15T16:06:37.211Z [info]: Successful GET
2023-09-15T17:29:39.925Z [info]: Successful POST:
[{"item":"jello","quantity":23,"price":5,"bought":false},{"item":"jello","quantity":23,"price":5,"bought":false}]
2023-09-15T17:33:36.556Z [info]: Successful POST:
[{"item":"jello","quantity":23,"price":5,"bought":false},{"item":"jello","quantity":23,"price":5,"bought":false}]
2023-09-15T17:37:46.615Z [info]: Successful POST:
[{"item":"jello","quantity":23,"price":5,"bought":false},{"item":"jello","quantity":23,"price":5,"bought":false}]
2023-09-15T17:50:54.419Z [info]: Successful POST:
[{"item":"jello","quantity":23,"price":5,"bought":false},{"item":"jello","quantity":23,"price":5,"bought":false}]
2023-09-15T17:51:28.810Z [info]: Successful POST:
[{"item":"jello","quantity":23,"price":5,"bought":false},{"item":"jello","quantity":23,"price":5,"bought":false}]
2023-09-15T17:51:28.826Z [info]: Successful GET
2023-09-15T17:59:02.092Z [info]: Successful POST:
[{"item":"jello","quantity":23,"price":5,"bought":false}]
2023-09-15T17:59:02.105Z [info]: Successful GET
2023-09-15T17:59:27.807Z [info]: Successful POST:
[{"item":"jello","quantity":23,"price":5,"bought":false}]
2023-09-15T17:59:27.821Z [info]: Successful DELETE: jello
2023-09-15T17:59:27.825Z [info]: Successful GET
2023-09-15T18:04:52.109Z [info]: Successful POST:
[{"item":"jello","quantity":23,"price":5,"bought":false}]
2023-09-15T18:04:52.124Z [info]: Successful GET
2023-09-15T18:04:52.127Z [info]: Successful DELETE: jello
2023-09-15T18:04:52.129Z [info]: Successful GET
2023-09-15T18:13:03.945Z [info]: Successful POST:
[{"item":"jello","quantity":23,"price":5,"bought":false}]
2023-09-15T18:13:03.959Z [info]: Successful GET
2023-09-15T18:13:03.962Z [info]: Successful DELETE: jello
2023-09-15T18:13:03.964Z [info]: Successful GET
2023-09-15T18:13:03.971Z [info]: Successful POST:
[{"item":"jello","quantity":23,"price":5,"bought":false}]
2023-09-15T18:13:03.973Z [info]: Successful GET
2023-09-15T18:13:03.975Z [info]: Successful DELETE: jello
2023-09-15T18:13:03.977Z [info]: Successful GET
2023-09-15T18:13:32.656Z [info]: Successful POST:
[{"item":"jello","quantity":23,"price":5,"bought":false}]
2023-09-15T18:13:32.670Z [info]: Successful GET
2023-09-15T18:13:32.675Z [info]: Successful DELETE: jello
2023-09-15T18:13:32.677Z [info]: Successful GET
2023-09-15T18:13:32.684Z [info]: Successful POST:
[{"item":"jello","quantity":23,"price":5,"bought":false}]
2023-09-15T18:13:32.686Z [info]: Successful GET
2023-09-15T18:13:32.689Z [info]: Successful DELETE: jello
2023-09-15T18:13:32.691Z [info]: Successful GET
2023-09-15T18:16:54.510Z [info]: Successful POST:
[{"item":"jello","quantity":23,"price":5,"bought":false}]
2023-09-15T18:16:54.524Z [info]: Successful GET
2023-09-15T18:16:54.527Z [info]: Successful DELETE: jello
2023-09-15T18:16:54.529Z [info]: Successful GET
2023-09-15T18:16:54.536Z [info]: Successful POST:
[{"item":"jello","quantity":23,"price":5,"bought":false}]
2023-09-15T18:16:54.538Z [info]: Successful GET
2023-09-15T18:16:54.540Z [info]: Successful DELETE: jello
2023-09-15T18:16:54.542Z [info]: Successful GET
2023-09-15T18:16:54.545Z [warn]: Wasn't able to delete because invalid item name
2023-09-15T18:19:12.150Z [info]: Successful POST:
[{"item":"jello","quantity":23,"price":5,"bought":false}]
2023-09-15T18:19:12.166Z [info]: Successful GET
2023-09-15T18:19:12.170Z [info]: Successful DELETE: jello
2023-09-15T18:19:12.172Z [info]: Successful GET
2023-09-15T18:19:12.179Z [info]: Successful POST:
[{"item":"jello","quantity":23,"price":5,"bought":false}]
2023-09-15T18:19:12.181Z [info]: Successful GET
2023-09-15T18:19:12.183Z [info]: Successful DELETE: jello
2023-09-15T18:19:12.185Z [info]: Successful GET
2023-09-15T18:19:12.187Z [warn]: Wasn't able to delete because invalid item name
2023-09-15T18:19:38.083Z [info]: Successful POST:
[{"item":"jello","quantity":23,"price":5,"bought":false}]
2023-09-15T18:19:38.100Z [info]: Successful GET
2023-09-15T18:19:38.103Z [info]: Successful DELETE: jello
2023-09-15T18:19:38.106Z [info]: Successful GET
2023-09-15T18:19:38.112Z [info]: Successful POST:
[{"item":"jello","quantity":23,"price":5,"bought":false}]
2023-09-15T18:19:38.114Z [info]: Successful GET
2023-09-15T18:19:38.116Z [info]: Successful DELETE: jello
2023-09-15T18:19:38.118Z [info]: Successful GET
2023-09-15T18:19:38.121Z [warn]: Wasn't able to delete because invalid item name
2023-09-15T18:19:38.124Z [warn]: Wasn't able to delete because no item name
2023-09-15T18:47:38.314Z [info]: Successful POST:
[{"item":"jello","quantity":23,"price":5,"bought":false}]
2023-09-15T18:47:38.328Z [info]: Successful GET
2023-09-15T18:47:38.332Z [info]: Successful DELETE: jello
2023-09-15T18:47:38.334Z [info]: Successful GET
2023-09-15T18:47:38.341Z [info]: Successful POST:
[{"item":"jello","quantity":23,"price":5,"bought":false}]
2023-09-15T18:47:38.344Z [info]: Successful GET
2023-09-15T18:47:38.346Z [info]: Successful DELETE: jello
2023-09-15T18:47:38.348Z [info]: Successful GET
2023-09-15T18:47:38.351Z [warn]: Wasn't able to delete because invalid item name
2023-09-15T18:47:38.353Z [warn]: Wasn't able to delete because no item name
2023-09-15T18:47:38.357Z [info]: Successful POST:
[{"item":"jello","quantity":23,"price":5,"bought":false}]
2023-09-15T18:47:38.359Z [info]: Old groceryItem:
{"item":"jello","quantity":23,"price":5,"bought":false}
2023-09-15T18:47:38.359Z [info]: New groceryItem:
{"item":"jello","quantity":54,"price":5333,"bought":true}
2023-09-15T18:47:38.360Z [info]: Successful PUT to change grocery item
2023-09-15T18:47:38.362Z [info]: Successful GET
2023-09-15T18:47:38.366Z [info]: Successful DELETE: jello
2023-09-15T18:48:10.165Z [info]: Successful POST:
[{"item":"jello","quantity":23,"price":5,"bought":false}]
2023-09-15T18:48:10.180Z [info]: Successful GET
2023-09-15T18:48:10.183Z [info]: Successful DELETE: jello
2023-09-15T18:48:10.186Z [info]: Successful GET
2023-09-15T18:48:10.192Z [info]: Successful POST:
[{"item":"jello","quantity":23,"price":5,"bought":false}]
2023-09-15T18:48:10.195Z [info]: Successful GET
2023-09-15T18:48:10.198Z [info]: Successful DELETE: jello
2023-09-15T18:48:10.200Z [info]: Successful GET
2023-09-15T18:48:10.203Z [warn]: Wasn't able to delete because invalid item name
2023-09-15T18:48:10.206Z [warn]: Wasn't able to delete because no item name
2023-09-15T18:48:10.210Z [info]: Successful POST:
[{"item":"jello","quantity":23,"price":5,"bought":false}]
2023-09-15T18:48:10.214Z [info]: Old groceryItem:
{"item":"jello","quantity":23,"price":5,"bought":false}
2023-09-15T18:48:10.215Z [info]: New groceryItem:
{"item":"jello","quantity":54,"price":5333,"bought":true}
2023-09-15T18:48:10.215Z [info]: Successful PUT to change grocery item
2023-09-15T18:48:10.218Z [info]: Successful GET
2023-09-15T18:48:10.222Z [info]: Successful DELETE: jello
2023-09-15T18:48:45.609Z [info]: Successful POST:
[{"item":"jello","quantity":23,"price":5,"bought":false}]
2023-09-15T18:48:45.619Z [info]: Successful GET
2023-09-15T18:48:45.622Z [info]: Successful DELETE: jello
2023-09-15T18:48:45.625Z [info]: Successful GET
2023-09-15T18:48:45.631Z [info]: Successful POST:
[{"item":"jello","quantity":23,"price":5,"bought":false}]
2023-09-15T18:48:45.633Z [info]: Successful GET
2023-09-15T18:48:45.636Z [info]: Successful DELETE: jello
2023-09-15T18:48:45.637Z [info]: Successful GET
2023-09-15T18:48:45.640Z [warn]: Wasn't able to delete because invalid item name
2023-09-15T18:48:45.643Z [warn]: Wasn't able to delete because no item name
2023-09-15T18:48:45.645Z [info]: Successful POST:
[{"item":"jello","quantity":23,"price":5,"bought":false}]
2023-09-15T18:48:45.648Z [info]: Old groceryItem:
{"item":"jello","quantity":23,"price":5,"bought":false}
2023-09-15T18:48:45.649Z [info]: New groceryItem:
{"item":"jello","quantity":54,"price":5333,"bought":true}
2023-09-15T18:48:45.649Z [info]: Successful PUT to change grocery item
2023-09-15T18:48:45.651Z [info]: Successful GET
2023-09-15T18:48:45.658Z [info]: Successful DELETE: jello
2023-09-15T18:49:49.336Z [info]: Successful POST:
[{"item":"jello","quantity":23,"price":5,"bought":false}]
2023-09-15T18:49:49.350Z [info]: Successful GET
2023-09-15T18:49:49.354Z [info]: Successful DELETE: jello
2023-09-15T18:49:49.357Z [info]: Successful GET
2023-09-15T18:49:49.363Z [info]: Successful POST:
[{"item":"jello","quantity":23,"price":5,"bought":false}]
2023-09-15T18:49:49.365Z [info]: Successful GET
2023-09-15T18:49:49.367Z [info]: Successful DELETE: jello
2023-09-15T18:49:49.369Z [info]: Successful GET
2023-09-15T18:49:49.372Z [warn]: Wasn't able to delete because invalid item name
2023-09-15T18:49:49.374Z [warn]: Wasn't able to delete because no item name
2023-09-15T18:49:49.377Z [info]: Successful POST:
[{"item":"jello","quantity":23,"price":5,"bought":false}]
2023-09-15T18:49:49.380Z [info]: Old groceryItem:
{"item":"jello","quantity":23,"price":5,"bought":false}
2023-09-15T18:49:49.380Z [info]: New groceryItem:
{"item":"jello","quantity":54,"price":5333,"bought":true}
2023-09-15T18:49:49.381Z [info]: Successful PUT to change grocery item
2023-09-15T18:49:49.383Z [info]: Successful GET
2023-09-15T18:49:49.388Z [info]: Successful DELETE: jello
2023-09-15T18:51:49.488Z [info]: Successful POST:
[{"item":"jello","quantity":23,"price":5,"bought":false}]
2023-09-15T18:51:49.502Z [info]: Successful GET
2023-09-15T18:51:49.506Z [info]: Successful DELETE: jello
2023-09-15T18:51:49.508Z [info]: Successful GET
2023-09-15T18:51:49.515Z [info]: Successful POST:
[{"item":"jello","quantity":23,"price":5,"bought":false}]
2023-09-15T18:51:49.518Z [info]: Successful GET
2023-09-15T18:51:49.520Z [info]: Successful DELETE: jello
2023-09-15T18:51:49.522Z [info]: Successful GET
2023-09-15T18:51:49.525Z [warn]: Wasn't able to delete because invalid item name
2023-09-15T18:51:49.527Z [warn]: Wasn't able to delete because no item name
2023-09-15T18:51:49.530Z [info]: Successful POST:
[{"item":"jello","quantity":23,"price":5,"bought":false}]
2023-09-15T18:51:49.532Z [info]: Old groceryItem:
{"item":"jello","quantity":23,"price":5,"bought":false}
2023-09-15T18:51:49.532Z [info]: New groceryItem:
{"item":"jello","quantity":54,"price":5333,"bought":true}
2023-09-15T18:51:49.533Z [info]: Successful PUT to change grocery item
2023-09-15T18:51:49.534Z [info]: Successful GET
2023-09-15T18:51:49.542Z [info]: Successful DELETE: jello
2023-09-15T18:52:33.294Z [info]: Successful POST:
[{"item":"jello","quantity":23,"price":5,"bought":false}]
2023-09-15T18:52:33.309Z [info]: Successful GET
2023-09-15T18:52:33.313Z [info]: Successful DELETE: jello
2023-09-15T18:52:33.315Z [info]: Successful GET
2023-09-15T18:52:33.322Z [info]: Successful POST:
[{"item":"jello","quantity":23,"price":5,"bought":false}]
2023-09-15T18:52:33.325Z [info]: Successful GET
2023-09-15T18:52:33.327Z [info]: Successful DELETE: jello
2023-09-15T18:52:33.329Z [info]: Successful GET
2023-09-15T18:52:33.331Z [warn]: Wasn't able to delete because invalid item name
2023-09-15T18:52:33.334Z [warn]: Wasn't able to delete because no item name
2023-09-15T18:52:33.336Z [info]: Successful POST:
[{"item":"jello","quantity":23,"price":5,"bought":false}]
2023-09-15T18:52:33.339Z [info]: Old groceryItem:
{"item":"jello","quantity":23,"price":5,"bought":false}
2023-09-15T18:52:33.340Z [info]: New groceryItem:
{"item":"jello","quantity":54,"price":5333,"bought":true}
2023-09-15T18:52:33.340Z [info]: Successful PUT to change grocery item
2023-09-15T18:52:33.342Z [info]: Successful GET
2023-09-15T18:52:33.350Z [info]: Successful DELETE: jello
2023-09-15T18:53:12.359Z [info]: Successful POST:
[{"item":"jello","quantity":23,"price":5,"bought":false}]
2023-09-15T18:53:12.387Z [info]: Successful GET
2023-09-15T18:53:12.391Z [info]: Successful DELETE: jello
2023-09-15T18:53:12.393Z [info]: Successful GET
2023-09-15T18:53:12.401Z [info]: Successful POST:
[{"item":"jello","quantity":23,"price":5,"bought":false}]
2023-09-15T18:53:12.403Z [info]: Successful GET
2023-09-15T18:53:12.405Z [info]: Successful DELETE: jello
2023-09-15T18:53:12.407Z [info]: Successful GET
2023-09-15T18:53:12.410Z [warn]: Wasn't able to delete because invalid item name
2023-09-15T18:53:12.413Z [warn]: Wasn't able to delete because no item name
2023-09-15T18:53:12.417Z [info]: Successful POST:
[{"item":"jello","quantity":23,"price":5,"bought":false}]
2023-09-15T18:53:12.419Z [info]: Old groceryItem:
{"item":"jello","quantity":23,"price":5,"bought":false}
2023-09-15T18:53:12.420Z [info]: New groceryItem:
{"item":"jello","quantity":54,"price":5333,"bought":true}
2023-09-15T18:53:12.420Z [info]: Successful PUT to change grocery item
2023-09-15T18:53:12.423Z [info]: Successful GET
2023-09-15T18:53:12.426Z [info]: Successful DELETE: jello
2023-09-15T18:53:57.935Z [info]: Successful POST:
[{"item":"jello","quantity":23,"price":5,"bought":false}]
2023-09-15T18:53:57.950Z [info]: Successful GET
2023-09-15T18:53:57.954Z [info]: Successful DELETE: jello
2023-09-15T18:53:57.956Z [info]: Successful GET
2023-09-15T18:53:57.963Z [info]: Successful POST:
[{"item":"jello","quantity":23,"price":5,"bought":false}]
2023-09-15T18:53:57.966Z [info]: Successful GET
2023-09-15T18:53:57.968Z [info]: Successful DELETE: jello
2023-09-15T18:53:57.970Z [info]: Successful GET
2023-09-15T18:53:57.974Z [warn]: Wasn't able to delete because invalid item name
2023-09-15T18:53:57.977Z [warn]: Wasn't able to delete because no item name
2023-09-15T18:53:57.980Z [info]: Successful POST:
[{"item":"jello","quantity":23,"price":5,"bought":false}]
2023-09-15T18:53:57.982Z [info]: Old groceryItem:
{"item":"jello","quantity":23,"price":5,"bought":false}
2023-09-15T18:53:57.982Z [info]: New groceryItem:
{"item":"jello","quantity":54,"price":5333,"bought":true}
2023-09-15T18:53:57.983Z [info]: Successful PUT to change grocery item
2023-09-15T18:53:57.984Z [info]: Successful GET
2023-09-15T18:53:57.989Z [info]: Successful DELETE: jello
2023-09-15T18:54:21.904Z [info]: Successful POST:
[{"item":"jello","quantity":23,"price":5,"bought":false}]
2023-09-15T18:54:21.919Z [info]: Successful GET
2023-09-15T18:54:21.923Z [info]: Successful DELETE: jello
2023-09-15T18:54:21.925Z [info]: Successful GET
2023-09-15T18:54:21.932Z [info]: Successful POST:
[{"item":"jello","quantity":23,"price":5,"bought":false}]
2023-09-15T18:54:21.934Z [info]: Successful GET
2023-09-15T18:54:21.936Z [info]: Successful DELETE: jello
2023-09-15T18:54:21.938Z [info]: Successful GET
2023-09-15T18:54:21.941Z [warn]: Wasn't able to delete because invalid item name
2023-09-15T18:54:21.943Z [warn]: Wasn't able to delete because no item name
2023-09-15T18:54:21.946Z [info]: Successful POST:
[{"item":"jello","quantity":23,"price":5,"bought":false}]
2023-09-15T18:54:21.949Z [info]: Old groceryItem:
{"item":"jello","quantity":23,"price":5,"bought":false}
2023-09-15T18:54:21.949Z [info]: New groceryItem:
{"item":"jello","quantity":54,"price":5333,"bought":true}
2023-09-15T18:54:21.950Z [info]: Successful PUT to change grocery item
2023-09-15T18:54:21.952Z [info]: Successful GET
2023-09-15T18:54:21.955Z [info]: Successful DELETE: jello
2023-09-15T18:54:45.861Z [info]: Successful POST:
[{"item":"jello","quantity":23,"price":5,"bought":false}]
2023-09-15T18:54:45.877Z [info]: Successful GET
2023-09-15T18:54:45.881Z [info]: Successful DELETE: jello
2023-09-15T18:54:45.883Z [info]: Successful GET
2023-09-15T18:54:45.889Z [info]: Successful POST:
[{"item":"jello","quantity":23,"price":5,"bought":false}]
2023-09-15T18:54:45.891Z [info]: Successful GET
2023-09-15T18:54:45.893Z [info]: Successful DELETE: jello
2023-09-15T18:54:45.895Z [info]: Successful GET
2023-09-15T18:54:45.898Z [warn]: Wasn't able to delete because invalid item name
2023-09-15T18:54:45.901Z [warn]: Wasn't able to delete because no item name
2023-09-15T18:54:45.903Z [info]: Successful POST:
[{"item":"jello","quantity":23,"price":5,"bought":false}]
2023-09-15T18:54:45.906Z [info]: Old groceryItem:
{"item":"jello","quantity":23,"price":5,"bought":false}
2023-09-15T18:54:45.906Z [info]: New groceryItem:
{"item":"jello","quantity":54,"price":5333,"bought":true}
2023-09-15T18:54:45.907Z [info]: Successful PUT to change grocery item
2023-09-15T18:54:45.909Z [info]: Successful GET
2023-09-15T18:54:45.913Z [info]: Successful DELETE: jello
2023-09-15T18:57:51.016Z [info]: Successful POST:
[{"item":"jello","quantity":23,"price":5,"bought":false}]
2023-09-15T18:57:51.030Z [info]: Successful GET
2023-09-15T18:57:51.034Z [info]: Successful DELETE: jello
2023-09-15T18:57:51.037Z [info]: Successful GET
2023-09-15T18:57:51.044Z [info]: Successful POST:
[{"item":"jello","quantity":23,"price":5,"bought":false}]
2023-09-15T18:57:51.046Z [info]: Successful GET
2023-09-15T18:57:51.048Z [info]: Successful DELETE: jello
2023-09-15T18:57:51.050Z [info]: Successful GET
2023-09-15T18:57:51.052Z [warn]: Wasn't able to delete because invalid item name
2023-09-15T18:57:51.055Z [warn]: Wasn't able to delete because no item name
2023-09-15T18:57:51.058Z [info]: Successful POST:
[{"item":"jello","quantity":23,"price":5,"bought":false}]
2023-09-15T18:57:51.061Z [info]: Old groceryItem:
{"item":"jello","quantity":23,"price":5,"bought":false}
2023-09-15T18:57:51.062Z [info]: New groceryItem:
{"item":"jello","quantity":54,"price":5333,"bought":true}
2023-09-15T18:57:51.062Z [info]: Successful PUT to change grocery item
2023-09-15T18:57:51.065Z [info]: Successful GET
2023-09-15T18:57:51.067Z [info]: Successful DELETE: jello
2023-09-15T19:02:27.112Z [info]: Successful POST:
[{"item":"jello","quantity":23,"price":5,"bought":false}]
2023-09-15T19:02:27.128Z [info]: Successful GET
2023-09-15T19:02:27.131Z [info]: Successful DELETE: jello
2023-09-15T19:02:27.133Z [info]: Successful GET
2023-09-15T19:02:27.140Z [info]: Successful POST:
[{"item":"jello","quantity":23,"price":5,"bought":false}]
2023-09-15T19:02:27.142Z [info]: Successful GET
2023-09-15T19:02:27.145Z [info]: Successful DELETE: jello
2023-09-15T19:02:27.146Z [info]: Successful GET
2023-09-15T19:02:27.149Z [warn]: Wasn't able to delete because invalid item name
2023-09-15T19:02:27.152Z [warn]: Wasn't able to delete because no item name
2023-09-15T19:02:27.155Z [info]: Successful POST:
[{"item":"jello","quantity":23,"price":5,"bought":false}]
2023-09-15T19:02:27.157Z [info]: Old groceryItem:
{"item":"jello","quantity":23,"price":5,"bought":false}
2023-09-15T19:02:27.157Z [info]: New groceryItem:
{"item":"jello","quantity":54,"price":5333,"bought":true}
2023-09-15T19:02:27.158Z [info]: Successful PUT to change grocery item
2023-09-15T19:02:27.160Z [info]: Successful GET
2023-09-15T19:02:27.162Z [info]: Successful DELETE: jello
2023-09-15T19:02:37.820Z [info]: Successful POST:
[{"item":"jello","quantity":23,"price":5,"bought":false}]
2023-09-15T19:02:37.834Z [info]: Successful GET
2023-09-15T19:02:37.840Z [info]: Successful DELETE: jello
2023-09-15T19:02:37.842Z [info]: Successful GET
2023-09-15T19:02:37.849Z [info]: Successful POST:
[{"item":"jello","quantity":23,"price":5,"bought":false}]
2023-09-15T19:02:37.852Z [info]: Successful GET
2023-09-15T19:02:37.855Z [info]: Successful DELETE: jello
2023-09-15T19:02:37.860Z [info]: Successful GET
2023-09-15T19:02:37.864Z [warn]: Wasn't able to delete because invalid item name
2023-09-15T19:02:37.871Z [warn]: Wasn't able to delete because no item name
2023-09-15T19:02:37.876Z [info]: Successful POST:
[{"item":"jello","quantity":23,"price":5,"bought":false}]
2023-09-15T19:02:37.880Z [info]: Old groceryItem:
{"item":"jello","quantity":23,"price":5,"bought":false}
2023-09-15T19:02:37.881Z [info]: New groceryItem:
{"item":"jello","quantity":54,"price":5333,"bought":true}
2023-09-15T19:02:37.881Z [info]: Successful PUT to change grocery item
2023-09-15T19:02:37.884Z [info]: Successful GET
2023-09-15T19:02:37.888Z [info]: Successful DELETE: jello
2023-09-15T19:17:21.824Z [info]: Successful POST:
[{"item":"jello","quantity":23,"price":5,"bought":false}]
2023-09-15T19:17:21.837Z [info]: Successful GET
2023-09-15T19:17:21.841Z [info]: Successful DELETE: jello
2023-09-15T19:17:21.844Z [info]: Successful GET
2023-09-15T19:17:21.852Z [info]: Successful POST:
[{"item":"jello","quantity":23,"price":5,"bought":false}]
2023-09-15T19:17:21.854Z [info]: Successful GET
2023-09-15T19:17:21.856Z [info]: Successful DELETE: jello
2023-09-15T19:17:21.858Z [info]: Successful GET
2023-09-15T19:17:21.861Z [warn]: Wasn't able to delete because invalid item name
2023-09-15T19:17:21.863Z [warn]: Wasn't able to delete because no item name
2023-09-15T19:17:21.866Z [info]: Successful POST:
[{"item":"jello","quantity":23,"price":5,"bought":false}]
2023-09-15T19:17:21.868Z [info]: Old groceryItem:
{"item":"jello","quantity":23,"price":5,"bought":false}
2023-09-15T19:17:21.869Z [info]: New groceryItem:
{"item":"jello","quantity":54,"price":5333,"bought":true}
2023-09-15T19:17:21.869Z [info]: Successful PUT to change grocery item
2023-09-15T19:17:21.871Z [info]: Successful GET
2023-09-15T19:17:21.873Z [warn]: Unsuccessful change of grocery item because invalid name or no name
2023-09-15T19:17:21.875Z [info]: Successful GET
2023-09-15T19:17:21.877Z [info]: Successful DELETE: jello
2023-09-15T19:17:35.322Z [info]: Successful POST:
[{"item":"jello","quantity":23,"price":5,"bought":false}]
2023-09-15T19:17:35.336Z [info]: Successful GET
2023-09-15T19:17:35.340Z [info]: Successful DELETE: jello
2023-09-15T19:17:35.342Z [info]: Successful GET
2023-09-15T19:17:35.350Z [info]: Successful POST:
[{"item":"jello","quantity":23,"price":5,"bought":false}]
2023-09-15T19:17:35.352Z [info]: Successful GET
2023-09-15T19:17:35.354Z [info]: Successful DELETE: jello
2023-09-15T19:17:35.356Z [info]: Successful GET
2023-09-15T19:17:35.359Z [warn]: Wasn't able to delete because invalid item name
2023-09-15T19:17:35.362Z [warn]: Wasn't able to delete because no item name
2023-09-15T19:17:35.365Z [info]: Successful POST:
[{"item":"jello","quantity":23,"price":5,"bought":false}]
2023-09-15T19:17:35.367Z [info]: Old groceryItem:
{"item":"jello","quantity":23,"price":5,"bought":false}
2023-09-15T19:17:35.368Z [info]: New groceryItem:
{"item":"jello","quantity":54,"price":5333,"bought":true}
2023-09-15T19:17:35.368Z [info]: Successful PUT to change grocery item
2023-09-15T19:17:35.370Z [info]: Successful GET
2023-09-15T19:17:35.373Z [warn]: Unsuccessful change of grocery item because invalid name or no name
2023-09-15T19:17:35.375Z [info]: Successful GET
2023-09-15T19:17:35.377Z [info]: Successful DELETE: jello
2023-09-15T19:50:06.166Z [info]: Successful GET
2023-09-15T19:50:06.175Z [warn]: Wasn't able to delete because invalid item name
2023-09-15T19:50:06.178Z [info]: Successful GET
2023-09-15T19:50:11.192Z [warn]: Wasn't able to delete because invalid item name
2023-09-15T19:50:11.196Z [warn]: Wasn't able to delete because no item name
2023-09-15T19:50:16.207Z [warn]: Wasn't able to delete because invalid item name
2023-09-15T19:51:20.879Z [info]: Successful GET
2023-09-15T19:51:20.890Z [warn]: Wasn't able to delete because invalid item name
2023-09-15T19:51:20.892Z [info]: Successful GET
2023-09-15T19:51:25.908Z [warn]: Wasn't able to delete because invalid item name
2023-09-15T19:51:25.911Z [warn]: Wasn't able to delete because no item name
2023-09-15T19:51:30.918Z [warn]: Wasn't able to delete because invalid item name
2023-09-15T19:51:49.762Z [info]: Successful POST:
[{"item":"jello","quantity":23,"price":5,"bought":false}]
2023-09-15T19:51:49.775Z [info]: Successful GET
2023-09-15T19:51:49.779Z [info]: Successful DELETE: jello
2023-09-15T19:51:49.781Z [info]: Successful GET
2023-09-15T19:51:49.788Z [info]: Successful POST:
[{"item":"jello","quantity":23,"price":5,"bought":false}]
2023-09-15T19:51:49.790Z [info]: Successful GET
2023-09-15T19:51:49.793Z [info]: Successful DELETE: jello
2023-09-15T19:51:49.794Z [info]: Successful GET
2023-09-15T19:51:49.797Z [warn]: Wasn't able to delete because invalid item name
2023-09-15T19:51:49.800Z [warn]: Wasn't able to delete because no item name
2023-09-15T19:51:49.802Z [info]: Successful POST:
[{"item":"jello","quantity":23,"price":5,"bought":false}]
2023-09-15T19:51:49.805Z [info]: Old groceryItem:
{"item":"jello","quantity":23,"price":5,"bought":false}
2023-09-15T19:51:49.806Z [info]: New groceryItem:
{"item":"jello","quantity":54,"price":5333,"bought":true}
2023-09-15T19:51:49.806Z [info]: Successful PUT to change grocery item
2023-09-15T19:51:49.808Z [info]: Successful GET
2023-09-15T19:51:49.811Z [warn]: Unsuccessful change of grocery item because invalid name or no name
2023-09-15T19:51:49.813Z [info]: Successful GET
2023-09-15T19:51:49.815Z [info]: Successful DELETE: jello
2023-09-15T19:52:04.472Z [info]: Successful POST:
[{"item":"jello","quantity":23,"price":5,"bought":false}]
2023-09-15T19:52:04.489Z [info]: Successful GET
2023-09-15T19:52:04.493Z [info]: Successful DELETE: jello
2023-09-15T19:52:04.495Z [info]: Successful GET
2023-09-15T19:52:04.502Z [info]: Successful POST:
[{"item":"jello","quantity":23,"price":5,"bought":false}]
2023-09-15T19:52:04.505Z [info]: Successful GET
2023-09-15T19:52:04.507Z [info]: Successful DELETE: jello
2023-09-15T19:52:04.510Z [info]: Successful GET
2023-09-15T19:52:04.513Z [warn]: Wasn't able to delete because invalid item name
2023-09-15T19:52:04.516Z [warn]: Wasn't able to delete because no item name
2023-09-15T19:52:04.519Z [info]: Successful POST:
[{"item":"jello","quantity":23,"price":5,"bought":false}]
2023-09-15T19:52:04.522Z [info]: Old groceryItem:
{"item":"jello","quantity":23,"price":5,"bought":false}
2023-09-15T19:52:04.523Z [info]: New groceryItem:
{"item":"jello","quantity":54,"price":5333,"bought":true}
2023-09-15T19:52:04.523Z [info]: Successful PUT to change grocery item
2023-09-15T19:52:04.526Z [info]: Successful GET
2023-09-15T19:52:04.529Z [warn]: Unsuccessful change of grocery item because invalid name or no name
2023-09-15T19:52:04.530Z [info]: Successful GET
2023-09-15T19:52:04.533Z [info]: Successful DELETE: jello
2023-09-15T20:49:43.280Z [info]: Old groceryItem:
{"item":"jello","quantity":23,"price":5,"bought":false}
2023-09-15T20:49:43.282Z [info]: New groceryItem:
{"item":"jello","quantity":54,"price":5333,"bought":true}
2023-09-15T20:55:38.681Z [info]: Old groceryItem:
{"item":"jello","quantity":23,"price":5,"bought":false}
2023-09-15T20:55:38.683Z [info]: New groceryItem:
{"item":"jello","quantity":54,"price":5333,"bought":true}
2023-09-15T20:55:38.684Z [info]: Old groceryItem:
{"item":"jello","quantity":54,"price":5333,"bought":true}
2023-09-15T20:55:38.685Z [info]: New groceryItem:
{"item":"jello","quantity":54,"price":5333,"bought":true}
2023-09-15T20:56:13.574Z [info]: Old groceryItem:
{"item":"jello","quantity":23,"price":5,"bought":false}
2023-09-15T20:56:13.575Z [info]: New groceryItem:
{"item":"jello","quantity":54,"price":5333,"bought":true}
2023-09-15T21:00:58.033Z [info]: Old groceryItem:
{"item":"jello","quantity":23,"price":5,"bought":false}
2023-09-15T21:00:58.034Z [info]: New groceryItem:
{"item":"jello","quantity":54,"price":5333,"bought":true}
2023-09-15T21:02:26.053Z [info]: Old groceryItem:
{"item":"jello","quantity":23,"price":5,"bought":false}
2023-09-15T21:02:26.054Z [info]: New groceryItem:
{"item":"jello","quantity":54,"price":5333,"bought":true}
2023-09-15T21:03:47.200Z [info]: Old groceryItem:
{"item":"jello","quantity":23,"price":5,"bought":false}
2023-09-15T21:03:47.202Z [info]: New groceryItem:
{"item":"jello","quantity":54,"price":5333,"bought":true}
2023-09-15T21:04:11.440Z [info]: Old groceryItem:
{"item":"jello","quantity":23,"price":5,"bought":false}
2023-09-15T21:04:11.441Z [info]: New groceryItem:
{"item":"jello","quantity":54,"price":5333,"bought":true}
2023-09-15T21:05:48.934Z [info]: Old groceryItem:
{"item":"jello","quantity":23,"price":5,"bought":false}
2023-09-15T21:05:48.935Z [info]: New groceryItem:
{"item":"jello","quantity":54,"price":5333,"bought":true}
2023-09-15T21:07:21.757Z [info]: Old groceryItem:
{"item":"jello","quantity":23,"price":5,"bought":false}
2023-09-15T21:07:21.758Z [info]: New groceryItem:
{"item":"jello","quantity":54,"price":5333,"bought":true}
2023-09-15T21:08:53.585Z [info]: Old groceryItem:
{"item":"jello","quantity":23,"price":5,"bought":false}
2023-09-15T21:08:53.587Z [info]: New groceryItem:
{"item":"jello","quantity":54,"price":5333,"bought":true}
2023-09-15T21:12:44.686Z [info]: Old groceryItem:
{"item":"jello","quantity":23,"price":5,"bought":false}
2023-09-15T21:12:44.688Z [info]: New groceryItem:
{"item":"jello","quantity":54,"price":5333,"bought":true}
2023-09-15T21:13:58.763Z [info]: Old groceryItem:
{"item":"jello","quantity":23,"price":5,"bought":false}
2023-09-15T21:13:58.764Z [info]: New groceryItem:
{"item":"jello","quantity":54,"price":5333,"bought":true}
